0 info it worked if it ends with ok
1 verbose cli [ '/home/rsinha/.nvm/versions/node/v6.11.1/bin/node',
1 verbose cli   '/home/rsinha/.nvm/versions/node/v6.11.1/bin/npm',
1 verbose cli   'start' ]
2 info using npm@3.10.10
3 info using node@v6.11.1
4 verbose run-script [ 'prestart', 'start', 'poststart' ]
5 info lifecycle massageweb@1.0.0~prestart: massageweb@1.0.0
6 silly lifecycle massageweb@1.0.0~prestart: no script for prestart, continuing
7 info lifecycle massageweb@1.0.0~start: massageweb@1.0.0
8 verbose lifecycle massageweb@1.0.0~start: unsafe-perm in lifecycle true
9 verbose lifecycle massageweb@1.0.0~start: PATH: /home/rsinha/.nvm/versions/node/v6.11.1/lib/node_modules/npm/bin/node-gyp-bin:/home/rsinha/NodeJS/MassageWebApp/node_modules/.bin:/home/rsinha/Downloads/google-cloud-sdk-189.0.0-linux-x86_64/google-cloud-sdk/bin:/home/rsinha/.nvm/versions/node/v6.11.1/bin:/home/rsinha/Downloads/google-cloud-sdk-189.0.0-linux-x86_64/google-cloud-sdk/bin:/usr/local/bin:/usr/bin:/bin:/usr/local/games:/usr/games:/home/rsinha/NVPACK/android-ndk-r12b:/home/rsinha/NVPACK/apache-ant-1.8.2/bin:/home/rsinha/NVPACK/gradle-2.9/bin:/home/rsinha/NVPACK/android-sdk-linux/tools:/home/rsinha/NVPACK/android-sdk-linux/platform-tools:/home/rsinha/NVPACK/android-sdk-linux/build-tools:/home/rsinha/NVPACK/android-sdk-linux/extras/android/support:/home/rsinha/NVPACK/android-ndk-r12b:/home/rsinha/NVPACK/apache-ant-1.8.2/bin:/home/rsinha/NVPACK/gradle-2.9/bin:/home/rsinha/NVPACK/android-sdk-linux/tools:/home/rsinha/NVPACK/android-sdk-linux/platform-tools:/home/rsinha/NVPACK/android-sdk-linux/build-tools:/home/rsinha/NVPACK/android-sdk-linux/extras/android/support
10 verbose lifecycle massageweb@1.0.0~start: CWD: /home/rsinha/NodeJS/MassageWebApp
11 silly lifecycle massageweb@1.0.0~start: Args: [ '-c', 'node server.js' ]
12 silly lifecycle massageweb@1.0.0~start: Returned: code: 1  signal: null
13 info lifecycle massageweb@1.0.0~start: Failed to exec start script
14 verbose stack Error: massageweb@1.0.0 start: `node server.js`
14 verbose stack Exit status 1
14 verbose stack     at EventEmitter.<anonymous> (/home/rsinha/.nvm/versions/node/v6.11.1/lib/node_modules/npm/lib/utils/lifecycle.js:255:16)
14 verbose stack     at emitTwo (events.js:106:13)
14 verbose stack     at EventEmitter.emit (events.js:191:7)
14 verbose stack     at ChildProcess.<anonymous> (/home/rsinha/.nvm/versions/node/v6.11.1/lib/node_modules/npm/lib/utils/spawn.js:40:14)
14 verbose stack     at emitTwo (events.js:106:13)
14 verbose stack     at ChildProcess.emit (events.js:191:7)
14 verbose stack     at maybeClose (internal/child_process.js:891:16)
14 verbose stack     at Process.ChildProcess._handle.onexit (internal/child_process.js:226:5)
15 verbose pkgid massageweb@1.0.0
16 verbose cwd /home/rsinha/NodeJS/MassageWebApp
17 error Linux 4.9.0-3-amd64
18 error argv "/home/rsinha/.nvm/versions/node/v6.11.1/bin/node" "/home/rsinha/.nvm/versions/node/v6.11.1/bin/npm" "start"
19 error node v6.11.1
20 error npm  v3.10.10
21 error code ELIFECYCLE
22 error massageweb@1.0.0 start: `node server.js`
22 error Exit status 1
23 error Failed at the massageweb@1.0.0 start script 'node server.js'.
23 error Make sure you have the latest version of node.js and npm installed.
23 error If you do, this is most likely a problem with the massageweb package,
23 error not with npm itself.
23 error Tell the author that this fails on your system:
23 error     node server.js
23 error You can get information on how to open an issue for this project with:
23 error     npm bugs massageweb
23 error Or if that isn't available, you can get their info via:
23 error     npm owner ls massageweb
23 error There is likely additional logging output above.
24 verbose exit [ 1, true ]
